<?xml version="1.0" encoding="UTF-8"?>
<!-- Generated by org.testng.reporters.JUnitXMLReporter -->
<testsuite ignored="0" hostname="Vijay" failures="1" tests="3" name="Test" time="18.044" errors="0" timestamp="2023-07-26T04:14:02 IST">
  <testcase classname="com.qa.app.tests.LoginTest" name="login1" time="1.856"/>
  <testcase classname="com.qa.app.tests.LoginTest" name="login2" time="1.535">
    <failure type="java.lang.AssertionError" message="expected [true] but found [false]">
      <![CDATA[java.lang.AssertionError: expected [true] but found [false]
at com.qa.app.tests.LoginTest.login2(LoginTest.java:34)
at java.base/java.util.ArrayList.forEach(ArrayList.java:1511)
... Removed 31 stack frames]]>
    </failure>
  </testcase> <!-- login2 -->
  <testcase classname="com.qa.app.tests.LoginTest" name="login3" time="1.671"/>
</testsuite> <!-- Test -->
