<?xml version="1.0" encoding="UTF-8"?>
<!-- Generated by org.testng.reporters.JUnitXMLReporter -->
<testsuite ignored="0" hostname="Vijay" failures="0" tests="3" name="Default test" time="19.052" errors="0" timestamp="2023-07-26T02:34:10 IST">
  <testcase classname="com.qa.app.tests.LoginTest" name="login1" time="1.997"/>
  <testcase classname="com.qa.app.tests.LoginTest" name="login2" time="0.626"/>
  <testcase classname="com.qa.app.tests.LoginTest" name="login3" time="2.067"/>
</testsuite> <!-- Default test -->
