<?xml version="1.0" encoding="UTF-8"?>
<!-- Generated by org.testng.reporters.JUnitXMLReporter -->
<testsuite ignored="0" hostname="Vijay" failures="0" tests="3" name="Default test" time="17.985" errors="0" timestamp="2023-07-25T02:29:55 IST">
  <testcase classname="com.qa.app.tests.LoginTest" name="login1" time="1.743"/>
  <testcase classname="com.qa.app.tests.LoginTest" name="login2" time="1.636"/>
  <testcase classname="com.qa.app.tests.LoginTest" name="login3" time="1.793"/>
</testsuite> <!-- Default test -->
