<?xml version="1.0" encoding="UTF-8"?>
<!-- Generated by org.testng.reporters.JUnitXMLReporter -->
<testsuite ignored="0" hostname="Vijay" failures="1" tests="3" name="Test" time="24.218" errors="0" timestamp="2023-07-27T00:22:13 IST">
  <testcase classname="com.qa.app.tests.LoginTest" name="login1" time="2.473"/>
  <testcase classname="com.qa.app.tests.LoginTest" name="login2" time="2.073">
    <failure type="java.lang.AssertionError" message="expected [true] but found [false]">
      <![CDATA[java.lang.AssertionError: expected [true] but found [false]
at com.qa.app.tests.LoginTest.login2(LoginTest.java:34)
at java.base/java.util.ArrayList.forEach(ArrayList.java:1541)
... Removed 35 stack frames]]>
    </failure>
  </testcase> <!-- login2 -->
  <testcase classname="com.qa.app.tests.LoginTest" name="login3" time="0.846"/>
</testsuite> <!-- Test -->
